
Circuit 1 cell sky130_fd_pr__pfet_01v8 and Circuit 2 cell sky130_fd_pr__pfet_01v8 are black boxes.
Equate elements:  no current cell.
Device classes sky130_fd_pr__pfet_01v8 and sky130_fd_pr__pfet_01v8 are equivalent.

Circuit 1 cell sky130_fd_pr__nfet_01v8 and Circuit 2 cell sky130_fd_pr__nfet_01v8 are black boxes.
Equate elements:  no current cell.
Device classes sky130_fd_pr__nfet_01v8 and sky130_fd_pr__nfet_01v8 are equivalent.
Flattening unmatched subcell sky130_fd_pr__pfet_01v8_UNVJW6 in circuit tgate.spice (1)(1 instance)
Flattening unmatched subcell sky130_fd_pr__nfet_01v8_7HRXTK in circuit tgate.spice (1)(1 instance)

Class tgate.spice (1):  Merged 2 parallel devices.
Subcircuit summary:
Circuit 1: tgate_xschem.spice              |Circuit 2: tgate.spice                     
-------------------------------------------|-------------------------------------------
sky130_fd_pr__pfet_01v8 (1)                |sky130_fd_pr__pfet_01v8 (2->1)             
sky130_fd_pr__nfet_01v8 (1)                |sky130_fd_pr__nfet_01v8 (2->1)             
Number of devices: 2                       |Number of devices: 2                       
Number of nets: 4                          |Number of nets: 4                          
---------------------------------------------------------------------------------------
Netlists match uniquely with property errors.
sky130_fd_pr__nfet_01v8:M2 vs. sky130_fd_pr__nfet_01v8_7HRXTK_0/sky130_fd_pr__nfet_01v8:0:
 W circuit1: 1   circuit2: 2   (delta=66.7%, cutoff=1%)
sky130_fd_pr__pfet_01v8:M11 vs. sky130_fd_pr__pfet_01v8_UNVJW6_0/sky130_fd_pr__pfet_01v8:0:
 W circuit1: 1   circuit2: 2   (delta=66.7%, cutoff=1%)
Cells have no pins;  pin matching not needed.
Device classes tgate_xschem.spice and tgate.spice are equivalent.

Final result: Circuits match uniquely.
Property errors were found.

The following cells had property errors:
 tgate_xschem.spice
